Determining if the pthread_create exist failed with the following output:
Change Dir: /media/leo/16E8689CE8687BBD1/workspace/prototypes/prototype1/cmake-build-debug/CMakeFiles/CMakeTmp

Run Build Command:"/usr/bin/make" "cmTC_ed200/fast"
/usr/bin/make -f CMakeFiles/cmTC_ed200.dir/build.make CMakeFiles/cmTC_ed200.dir/build
make[1]: Entering directory '/media/leo/16E8689CE8687BBD1/workspace/prototypes/prototype1/cmake-build-debug/CMakeFiles/CMakeTmp'
Building C object CMakeFiles/cmTC_ed200.dir/CheckSymbolExists.c.o
/usr/bin/cc    -o CMakeFiles/cmTC_ed200.dir/CheckSymbolExists.c.o   -c /media/leo/16E8689CE8687BBD1/workspace/prototypes/prototype1/cmake-build-debug/CMakeFiles/CMakeTmp/CheckSymbolExists.c
Linking C executable cmTC_ed200
/home/leo/.local/share/JetBrains/Toolbox/apps/CLion/ch-0/173.4674.29/bin/cmake/bin/cmake -E cmake_link_script CMakeFiles/cmTC_ed200.dir/link.txt --verbose=1
/usr/bin/cc      CMakeFiles/cmTC_ed200.dir/CheckSymbolExists.c.o  -o cmTC_ed200 
CMakeFiles/cmTC_ed200.dir/CheckSymbolExists.c.o: In function `main':
CheckSymbolExists.c:(.text+0x16): undefined reference to `pthread_create'
collect2: error: ld returned 1 exit status
CMakeFiles/cmTC_ed200.dir/build.make:97: recipe for target 'cmTC_ed200' failed
make[1]: *** [cmTC_ed200] Error 1
make[1]: Leaving directory '/media/leo/16E8689CE8687BBD1/workspace/prototypes/prototype1/cmake-build-debug/CMakeFiles/CMakeTmp'
Makefile:126: recipe for target 'cmTC_ed200/fast' failed
make: *** [cmTC_ed200/fast] Error 2

File /media/leo/16E8689CE8687BBD1/workspace/prototypes/prototype1/cmake-build-debug/CMakeFiles/CMakeTmp/CheckSymbolExists.c:
/* */
#include <pthread.h>

int main(int argc, char** argv)
{
  (void)argv;
#ifndef pthread_create
  return ((int*)(&pthread_create))[argc];
#else
  (void)argc;
  return 0;
#endif
}

Determining if the function pthread_create exists in the pthreads failed with the following output:
Change Dir: /media/leo/16E8689CE8687BBD1/workspace/prototypes/prototype1/cmake-build-debug/CMakeFiles/CMakeTmp

Run Build Command:"/usr/bin/make" "cmTC_de17d/fast"
/usr/bin/make -f CMakeFiles/cmTC_de17d.dir/build.make CMakeFiles/cmTC_de17d.dir/build
make[1]: Entering directory '/media/leo/16E8689CE8687BBD1/workspace/prototypes/prototype1/cmake-build-debug/CMakeFiles/CMakeTmp'
Building C object CMakeFiles/cmTC_de17d.dir/CheckFunctionExists.c.o
/usr/bin/cc   -DCHECK_FUNCTION_EXISTS=pthread_create   -o CMakeFiles/cmTC_de17d.dir/CheckFunctionExists.c.o   -c /home/leo/.local/share/JetBrains/Toolbox/apps/CLion/ch-0/173.4674.29/bin/cmake/share/cmake-3.9/Modules/CheckFunctionExists.c
Linking C executable cmTC_de17d
/home/leo/.local/share/JetBrains/Toolbox/apps/CLion/ch-0/173.4674.29/bin/cmake/bin/cmake -E cmake_link_script CMakeFiles/cmTC_de17d.dir/link.txt --verbose=1
/usr/bin/cc  -DCHECK_FUNCTION_EXISTS=pthread_create    CMakeFiles/cmTC_de17d.dir/CheckFunctionExists.c.o  -o cmTC_de17d -lpthreads 
/usr/bin/ld: cannot find -lpthreads
collect2: error: ld returned 1 exit status
CMakeFiles/cmTC_de17d.dir/build.make:97: recipe for target 'cmTC_de17d' failed
make[1]: *** [cmTC_de17d] Error 1
make[1]: Leaving directory '/media/leo/16E8689CE8687BBD1/workspace/prototypes/prototype1/cmake-build-debug/CMakeFiles/CMakeTmp'
Makefile:126: recipe for target 'cmTC_de17d/fast' failed
make: *** [cmTC_de17d/fast] Error 2


